<?xml version="1.0" encoding="UTF-8"?>
<!-- Generated by org.testng.reporters.JUnitXMLReporter -->
<testsuite hostname="Thamil" ignored="0" name="Test" tests="3" failures="0" timestamp="22 Jan 2021 05:09:16 GMT" time="212.716" errors="0">
  <testcase name="verifyAdminLogin" time="1.672" classname="mypageTest.AdminDailyAttendPageTest"/>
  <testcase name="verifyAdminDailyViewFlow" time="5.515" classname="mypageTest.AdminDailyAttendPageTest"/>
  <testcase name="verifyAdminMonthlyViewFlow" time="184.612" classname="mypageTest.AdminDailyAttendPageTest"/>
</testsuite> <!-- Test -->
