<?xml version="1.0" encoding="UTF-8"?>
<testng-results skipped="0" failed="0" ignored="0" total="2" passed="2">
  <reporter-output>
  </reporter-output>
  <suite name="Suite" duration-ms="89401" started-at="2021-02-01T13:08:57Z" finished-at="2021-02-01T13:10:26Z">
    <groups>
    </groups>
    <test name="Test" duration-ms="89401" started-at="2021-02-01T13:08:57Z" finished-at="2021-02-01T13:10:26Z">
      <class name="mypageTest.PayrollPage_Test">
        <test-method status="PASS" signature="setup(java.lang.String)[pri:0, instance:mypageTest.PayrollPage_Test@59309333]" name="setup" is-config="true" duration-ms="35794" started-at="2021-02-01T13:08:57Z" finished-at="2021-02-01T13:09:33Z">
          <params>
            <param index="0">
              <value>
                <![CDATA[chrome]]>
              </value>
            </param>
          </params>
          <reporter-output>
          </reporter-output>
        </test-method> <!-- setup -->
        <test-method status="PASS" signature="verifyPayRollPage()[pri:1, instance:mypageTest.PayrollPage_Test@59309333]" name="verifyPayRollPage" duration-ms="24119" started-at="2021-02-01T13:09:33Z" finished-at="2021-02-01T13:09:57Z">
          <reporter-output>
          </reporter-output>
        </test-method> <!-- verifyPayRollPage -->
        <test-method status="PASS" signature="verifyVariableEarnings()[pri:3, instance:mypageTest.PayrollPage_Test@59309333]" name="verifyVariableEarnings" duration-ms="22390" started-at="2021-02-01T13:10:00Z" finished-at="2021-02-01T13:10:23Z">
          <reporter-output>
          </reporter-output>
        </test-method> <!-- verifyVariableEarnings -->
        <test-method status="PASS" signature="teardown()[pri:0, instance:mypageTest.PayrollPage_Test@59309333]" name="teardown" is-config="true" duration-ms="724" started-at="2021-02-01T13:10:26Z" finished-at="2021-02-01T13:10:26Z">
          <reporter-output>
          </reporter-output>
        </test-method> <!-- teardown -->
      </class> <!-- mypageTest.PayrollPage_Test -->
    </test> <!-- Test -->
  </suite> <!-- Suite -->
</testng-results>
